1684678355.073573 client started (122739): version 3.3a, socket /tmp/tmux-1000/default, protocol 8
1684678355.073632 on Linux 6.1.0-kali9-amd64 #1 SMP PREEMPT_DYNAMIC Debian 6.1.27-1kali1 (2023-05-12)
1684678355.073646 using libevent 2.1.12-stable (poll); ncurses 6.3
1684678355.073701 flags are 0x18010000
1684678355.073713 socket is /tmp/tmux-1000/default
1684678355.073741 trying connect
1684678355.073971 add peer 0x5597f5dbb450: 6 ((nil))
1684678355.074968 sending message 100 to peer 0x5597f5dbb450 (4 bytes)
1684678355.075006 sending message 111 to peer 0x5597f5dbb450 (8 bytes)
1684678355.075021 sending message 101 to peer 0x5597f5dbb450 (15 bytes)
1684678355.075035 sending message 109 to peer 0x5597f5dbb450 (4 bytes)
1684678355.075048 sending message 102 to peer 0x5597f5dbb450 (11 bytes)
1684678355.075061 sending message 108 to peer 0x5597f5dbb450 (24 bytes)
1684678355.075075 sending message 112 to peer 0x5597f5dbb450 (58 bytes)
1684678355.075088 sending message 112 to peer 0x5597f5dbb450 (5 bytes)
1684678355.075101 sending message 112 to peer 0x5597f5dbb450 (5 bytes)
1684678355.075115 sending message 112 to peer 0x5597f5dbb450 (6 bytes)
1684678355.075128 sending message 112 to peer 0x5597f5dbb450 (6 bytes)
1684678355.075142 sending message 112 to peer 0x5597f5dbb450 (11 bytes)
1684678355.075156 sending message 112 to peer 0x5597f5dbb450 (10 bytes)
1684678355.075169 sending message 112 to peer 0x5597f5dbb450 (13 bytes)
1684678355.075183 sending message 112 to peer 0x5597f5dbb450 (14 bytes)
1684678355.075196 sending message 112 to peer 0x5597f5dbb450 (19 bytes)
1684678355.075209 sending message 112 to peer 0x5597f5dbb450 (11 bytes)
1684678355.075222 sending message 112 to peer 0x5597f5dbb450 (10 bytes)
1684678355.075236 sending message 112 to peer 0x5597f5dbb450 (15 bytes)
1684678355.075250 sending message 112 to peer 0x5597f5dbb450 (21 bytes)
1684678355.075263 sending message 112 to peer 0x5597f5dbb450 (13 bytes)
1684678355.075276 sending message 112 to peer 0x5597f5dbb450 (7 bytes)
1684678355.075289 sending message 112 to peer 0x5597f5dbb450 (13 bytes)
1684678355.075302 sending message 112 to peer 0x5597f5dbb450 (7 bytes)
1684678355.075315 sending message 112 to peer 0x5597f5dbb450 (13 bytes)
1684678355.075328 sending message 112 to peer 0x5597f5dbb450 (9 bytes)
1684678355.075341 sending message 112 to peer 0x5597f5dbb450 (21 bytes)
1684678355.075354 sending message 112 to peer 0x5597f5dbb450 (13 bytes)
1684678355.075366 sending message 112 to peer 0x5597f5dbb450 (9 bytes)
1684678355.075379 sending message 112 to peer 0x5597f5dbb450 (16 bytes)
1684678355.075392 sending message 112 to peer 0x5597f5dbb450 (13 bytes)
1684678355.075404 sending message 112 to peer 0x5597f5dbb450 (9 bytes)
1684678355.075417 sending message 112 to peer 0x5597f5dbb450 (9 bytes)
1684678355.075430 sending message 112 to peer 0x5597f5dbb450 (12 bytes)
1684678355.075442 sending message 112 to peer 0x5597f5dbb450 (8 bytes)
1684678355.075455 sending message 112 to peer 0x5597f5dbb450 (8 bytes)
1684678355.075468 sending message 112 to peer 0x5597f5dbb450 (13 bytes)
1684678355.075482 sending message 112 to peer 0x5597f5dbb450 (7 bytes)
1684678355.075495 sending message 112 to peer 0x5597f5dbb450 (7 bytes)
1684678355.075509 sending message 112 to peer 0x5597f5dbb450 (9 bytes)
1684678355.075522 sending message 112 to peer 0x5597f5dbb450 (9 bytes)
1684678355.075536 sending message 112 to peer 0x5597f5dbb450 (15 bytes)
1684678355.075550 sending message 112 to peer 0x5597f5dbb450 (13 bytes)
1684678355.075563 sending message 112 to peer 0x5597f5dbb450 (12 bytes)
1684678355.075577 sending message 112 to peer 0x5597f5dbb450 (8 bytes)
1684678355.075590 sending message 112 to peer 0x5597f5dbb450 (14 bytes)
1684678355.075603 sending message 112 to peer 0x5597f5dbb450 (11 bytes)
1684678355.075616 sending message 112 to peer 0x5597f5dbb450 (9 bytes)
1684678355.075629 sending message 112 to peer 0x5597f5dbb450 (10 bytes)
1684678355.075642 sending message 112 to peer 0x5597f5dbb450 (10 bytes)
1684678355.075656 sending message 112 to peer 0x5597f5dbb450 (10 bytes)
1684678355.075669 sending message 112 to peer 0x5597f5dbb450 (10 bytes)
1684678355.075707 sending message 112 to peer 0x5597f5dbb450 (11 bytes)
1684678355.075721 sending message 112 to peer 0x5597f5dbb450 (12 bytes)
1684678355.075736 sending message 112 to peer 0x5597f5dbb450 (12 bytes)
1684678355.075749 sending message 112 to peer 0x5597f5dbb450 (12 bytes)
1684678355.075762 sending message 112 to peer 0x5597f5dbb450 (12 bytes)
1684678355.075776 sending message 112 to peer 0x5597f5dbb450 (12 bytes)
1684678355.075791 sending message 112 to peer 0x5597f5dbb450 (11 bytes)
1684678355.075806 sending message 112 to peer 0x5597f5dbb450 (11 bytes)
1684678355.075819 sending message 112 to peer 0x5597f5dbb450 (12 bytes)
1684678355.075833 sending message 112 to peer 0x5597f5dbb450 (12 bytes)
1684678355.075847 sending message 112 to peer 0x5597f5dbb450 (12 bytes)
1684678355.075861 sending message 112 to peer 0x5597f5dbb450 (12 bytes)
1684678355.075875 sending message 112 to peer 0x5597f5dbb450 (12 bytes)
1684678355.075888 sending message 112 to peer 0x5597f5dbb450 (9 bytes)
1684678355.075901 sending message 112 to peer 0x5597f5dbb450 (12 bytes)
1684678355.075914 sending message 112 to peer 0x5597f5dbb450 (13 bytes)
1684678355.075927 sending message 112 to peer 0x5597f5dbb450 (13 bytes)
1684678355.075940 sending message 112 to peer 0x5597f5dbb450 (13 bytes)
1684678355.075954 sending message 112 to peer 0x5597f5dbb450 (13 bytes)
1684678355.076005 sending message 112 to peer 0x5597f5dbb450 (13 bytes)
1684678355.076065 sending message 112 to peer 0x5597f5dbb450 (8 bytes)
1684678355.076085 sending message 112 to peer 0x5597f5dbb450 (11 bytes)
1684678355.076349 sending message 112 to peer 0x5597f5dbb450 (11 bytes)
1684678355.076370 sending message 112 to peer 0x5597f5dbb450 (11 bytes)
1684678355.076385 sending message 112 to peer 0x5597f5dbb450 (12 bytes)
1684678355.076399 sending message 112 to peer 0x5597f5dbb450 (12 bytes)
1684678355.076413 sending message 112 to peer 0x5597f5dbb450 (12 bytes)
1684678355.076427 sending message 112 to peer 0x5597f5dbb450 (12 bytes)
1684678355.076440 sending message 112 to peer 0x5597f5dbb450 (13 bytes)
1684678355.076454 sending message 112 to peer 0x5597f5dbb450 (13 bytes)
1684678355.076468 sending message 112 to peer 0x5597f5dbb450 (13 bytes)
1684678355.076482 sending message 112 to peer 0x5597f5dbb450 (8 bytes)
1684678355.076497 sending message 112 to peer 0x5597f5dbb450 (13 bytes)
1684678355.076511 sending message 112 to peer 0x5597f5dbb450 (13 bytes)
1684678355.076526 sending message 112 to peer 0x5597f5dbb450 (13 bytes)
1684678355.076540 sending message 112 to peer 0x5597f5dbb450 (13 bytes)
1684678355.076554 sending message 112 to peer 0x5597f5dbb450 (13 bytes)
1684678355.076568 sending message 112 to peer 0x5597f5dbb450 (12 bytes)
1684678355.076582 sending message 112 to peer 0x5597f5dbb450 (12 bytes)
1684678355.076596 sending message 112 to peer 0x5597f5dbb450 (12 bytes)
1684678355.076610 sending message 112 to peer 0x5597f5dbb450 (12 bytes)
1684678355.076623 sending message 112 to peer 0x5597f5dbb450 (13 bytes)
1684678355.076637 sending message 112 to peer 0x5597f5dbb450 (8 bytes)
1684678355.076650 sending message 112 to peer 0x5597f5dbb450 (13 bytes)
1684678355.076664 sending message 112 to peer 0x5597f5dbb450 (13 bytes)
1684678355.076677 sending message 112 to peer 0x5597f5dbb450 (13 bytes)
1684678355.076691 sending message 112 to peer 0x5597f5dbb450 (13 bytes)
1684678355.076704 sending message 112 to peer 0x5597f5dbb450 (13 bytes)
1684678355.076717 sending message 112 to peer 0x5597f5dbb450 (13 bytes)
1684678355.076767 sending message 112 to peer 0x5597f5dbb450 (13 bytes)
1684678355.076794 sending message 112 to peer 0x5597f5dbb450 (12 bytes)
1684678355.076811 sending message 112 to peer 0x5597f5dbb450 (12 bytes)
1684678355.076825 sending message 112 to peer 0x5597f5dbb450 (12 bytes)
1684678355.076839 sending message 112 to peer 0x5597f5dbb450 (8 bytes)
1684678355.076852 sending message 112 to peer 0x5597f5dbb450 (12 bytes)
1684678355.076865 sending message 112 to peer 0x5597f5dbb450 (13 bytes)
1684678355.076899 sending message 112 to peer 0x5597f5dbb450 (13 bytes)
1684678355.076913 sending message 112 to peer 0x5597f5dbb450 (13 bytes)
1684678355.076927 sending message 112 to peer 0x5597f5dbb450 (13 bytes)
1684678355.076940 sending message 112 to peer 0x5597f5dbb450 (13 bytes)
1684678355.076954 sending message 112 to peer 0x5597f5dbb450 (13 bytes)
1684678355.076967 sending message 112 to peer 0x5597f5dbb450 (13 bytes)
1684678355.076980 sending message 112 to peer 0x5597f5dbb450 (13 bytes)
1684678355.076993 sending message 112 to peer 0x5597f5dbb450 (12 bytes)
1684678355.077006 sending message 112 to peer 0x5597f5dbb450 (10 bytes)
1684678355.077020 sending message 112 to peer 0x5597f5dbb450 (12 bytes)
1684678355.077033 sending message 112 to peer 0x5597f5dbb450 (12 bytes)
1684678355.077046 sending message 112 to peer 0x5597f5dbb450 (12 bytes)
1684678355.077060 sending message 112 to peer 0x5597f5dbb450 (13 bytes)
1684678355.077073 sending message 112 to peer 0x5597f5dbb450 (13 bytes)
1684678355.077086 sending message 112 to peer 0x5597f5dbb450 (13 bytes)
1684678355.077099 sending message 112 to peer 0x5597f5dbb450 (13 bytes)
1684678355.077112 sending message 112 to peer 0x5597f5dbb450 (13 bytes)
1684678355.077125 sending message 112 to peer 0x5597f5dbb450 (13 bytes)
1684678355.077138 sending message 112 to peer 0x5597f5dbb450 (13 bytes)
1684678355.077152 sending message 112 to peer 0x5597f5dbb450 (10 bytes)
1684678355.077165 sending message 112 to peer 0x5597f5dbb450 (13 bytes)
1684678355.077178 sending message 112 to peer 0x5597f5dbb450 (12 bytes)
1684678355.077191 sending message 112 to peer 0x5597f5dbb450 (12 bytes)
1684678355.077204 sending message 112 to peer 0x5597f5dbb450 (12 bytes)
1684678355.077217 sending message 112 to peer 0x5597f5dbb450 (10 bytes)
1684678355.077230 sending message 112 to peer 0x5597f5dbb450 (10 bytes)
1684678355.077243 sending message 112 to peer 0x5597f5dbb450 (10 bytes)
1684678355.077256 sending message 112 to peer 0x5597f5dbb450 (12 bytes)
1684678355.077269 sending message 112 to peer 0x5597f5dbb450 (13 bytes)
1684678355.077282 sending message 112 to peer 0x5597f5dbb450 (13 bytes)
1684678355.077295 sending message 112 to peer 0x5597f5dbb450 (13 bytes)
1684678355.077308 sending message 112 to peer 0x5597f5dbb450 (13 bytes)
1684678355.077321 sending message 112 to peer 0x5597f5dbb450 (13 bytes)
1684678355.077335 sending message 112 to peer 0x5597f5dbb450 (10 bytes)
1684678355.077348 sending message 112 to peer 0x5597f5dbb450 (11 bytes)
1684678355.077361 sending message 112 to peer 0x5597f5dbb450 (12 bytes)
1684678355.077374 sending message 112 to peer 0x5597f5dbb450 (12 bytes)
1684678355.077387 sending message 112 to peer 0x5597f5dbb450 (12 bytes)
1684678355.077401 sending message 112 to peer 0x5597f5dbb450 (12 bytes)
1684678355.077414 sending message 112 to peer 0x5597f5dbb450 (12 bytes)
1684678355.077426 sending message 112 to peer 0x5597f5dbb450 (11 bytes)
1684678355.077439 sending message 112 to peer 0x5597f5dbb450 (12 bytes)
1684678355.077452 sending message 112 to peer 0x5597f5dbb450 (12 bytes)
1684678355.077465 sending message 112 to peer 0x5597f5dbb450 (13 bytes)
1684678355.077478 sending message 112 to peer 0x5597f5dbb450 (13 bytes)
1684678355.077491 sending message 112 to peer 0x5597f5dbb450 (13 bytes)
1684678355.077504 sending message 112 to peer 0x5597f5dbb450 (13 bytes)
1684678355.077517 sending message 112 to peer 0x5597f5dbb450 (13 bytes)
1684678355.077530 sending message 112 to peer 0x5597f5dbb450 (10 bytes)
1684678355.077543 sending message 112 to peer 0x5597f5dbb450 (9 bytes)
1684678355.077555 sending message 112 to peer 0x5597f5dbb450 (12 bytes)
1684678355.077568 sending message 112 to peer 0x5597f5dbb450 (13 bytes)
1684678355.077581 sending message 112 to peer 0x5597f5dbb450 (13 bytes)
1684678355.077594 sending message 112 to peer 0x5597f5dbb450 (13 bytes)
1684678355.077607 sending message 112 to peer 0x5597f5dbb450 (13 bytes)
1684678355.077620 sending message 112 to peer 0x5597f5dbb450 (13 bytes)
1684678355.077633 sending message 112 to peer 0x5597f5dbb450 (9 bytes)
1684678355.077659 sending message 112 to peer 0x5597f5dbb450 (12 bytes)
1684678355.077672 sending message 112 to peer 0x5597f5dbb450 (13 bytes)
1684678355.077686 sending message 112 to peer 0x5597f5dbb450 (13 bytes)
1684678355.077699 sending message 112 to peer 0x5597f5dbb450 (13 bytes)
1684678355.077712 sending message 112 to peer 0x5597f5dbb450 (13 bytes)
1684678355.077725 sending message 112 to peer 0x5597f5dbb450 (13 bytes)
1684678355.077738 sending message 112 to peer 0x5597f5dbb450 (11 bytes)
1684678355.077811 sending message 112 to peer 0x5597f5dbb450 (12 bytes)
1684678355.077834 sending message 112 to peer 0x5597f5dbb450 (13 bytes)
1684678355.077850 sending message 112 to peer 0x5597f5dbb450 (13 bytes)
1684678355.077864 sending message 112 to peer 0x5597f5dbb450 (13 bytes)
1684678355.077877 sending message 112 to peer 0x5597f5dbb450 (13 bytes)
1684678355.077890 sending message 112 to peer 0x5597f5dbb450 (13 bytes)
1684678355.077904 sending message 112 to peer 0x5597f5dbb450 (11 bytes)
1684678355.077917 sending message 112 to peer 0x5597f5dbb450 (12 bytes)
1684678355.077930 sending message 112 to peer 0x5597f5dbb450 (12 bytes)
1684678355.077943 sending message 112 to peer 0x5597f5dbb450 (12 bytes)
1684678355.077957 sending message 112 to peer 0x5597f5dbb450 (12 bytes)
1684678355.077970 sending message 112 to peer 0x5597f5dbb450 (12 bytes)
1684678355.077983 sending message 112 to peer 0x5597f5dbb450 (21 bytes)
1684678355.077996 sending message 112 to peer 0x5597f5dbb450 (12 bytes)
1684678355.078009 sending message 112 to peer 0x5597f5dbb450 (9 bytes)
1684678355.078023 sending message 112 to peer 0x5597f5dbb450 (6 bytes)
1684678355.078036 sending message 112 to peer 0x5597f5dbb450 (13 bytes)
1684678355.078049 sending message 112 to peer 0x5597f5dbb450 (10 bytes)
1684678355.078062 sending message 112 to peer 0x5597f5dbb450 (24 bytes)
1684678355.078076 sending message 112 to peer 0x5597f5dbb450 (13 bytes)
1684678355.078089 sending message 112 to peer 0x5597f5dbb450 (9 bytes)
1684678355.078102 sending message 112 to peer 0x5597f5dbb450 (70 bytes)
1684678355.078115 sending message 112 to peer 0x5597f5dbb450 (69 bytes)
1684678355.078128 sending message 112 to peer 0x5597f5dbb450 (12 bytes)
1684678355.078142 sending message 112 to peer 0x5597f5dbb450 (10 bytes)
1684678355.078156 sending message 112 to peer 0x5597f5dbb450 (10 bytes)
1684678355.078170 sending message 112 to peer 0x5597f5dbb450 (24 bytes)
1684678355.078184 sending message 112 to peer 0x5597f5dbb450 (13 bytes)
1684678355.078197 sending message 112 to peer 0x5597f5dbb450 (10 bytes)
1684678355.078225 sending message 112 to peer 0x5597f5dbb450 (10 bytes)
1684678355.078240 sending message 112 to peer 0x5597f5dbb450 (10 bytes)
1684678355.078254 sending message 112 to peer 0x5597f5dbb450 (13 bytes)
1684678355.078268 sending message 112 to peer 0x5597f5dbb450 (15 bytes)
1684678355.078282 sending message 112 to peer 0x5597f5dbb450 (5 bytes)
1684678355.078300 sending message 104 to peer 0x5597f5dbb450 (0 bytes)
1684678355.078318 sending message 110 to peer 0x5597f5dbb450 (0 bytes)
1684678355.078337 sending message 107 to peer 0x5597f5dbb450 (4 bytes)
1684678355.078352 sending message 105 to peer 0x5597f5dbb450 (15 bytes)
1684678355.078367 sending message 105 to peer 0x5597f5dbb450 (20 bytes)
1684678355.078381 sending message 105 to peer 0x5597f5dbb450 (35 bytes)
1684678355.078396 sending message 105 to peer 0x5597f5dbb450 (54 bytes)
1684678355.078410 sending message 105 to peer 0x5597f5dbb450 (33 bytes)
1684678355.078425 sending message 105 to peer 0x5597f5dbb450 (13 bytes)
1684678355.078439 sending message 105 to peer 0x5597f5dbb450 (30 bytes)
1684678355.078454 sending message 105 to peer 0x5597f5dbb450 (28 bytes)
1684678355.078477 sending message 105 to peer 0x5597f5dbb450 (28 bytes)
1684678355.078494 sending message 105 to peer 0x5597f5dbb450 (16 bytes)
1684678355.078509 sending message 105 to peer 0x5597f5dbb450 (17 bytes)
1684678355.078524 sending message 105 to peer 0x5597f5dbb450 (10 bytes)
1684678355.078538 sending message 105 to peer 0x5597f5dbb450 (13 bytes)
1684678355.078570 sending message 105 to peer 0x5597f5dbb450 (94 bytes)
1684678355.078585 sending message 105 to peer 0x5597f5dbb450 (30 bytes)
1684678355.078600 sending message 105 to peer 0x5597f5dbb450 (27 bytes)
1684678355.078614 sending message 105 to peer 0x5597f5dbb450 (28 bytes)
1684678355.078628 sending message 105 to peer 0x5597f5dbb450 (19 bytes)
1684678355.078643 sending message 105 to peer 0x5597f5dbb450 (30 bytes)
1684678355.078657 sending message 105 to peer 0x5597f5dbb450 (27 bytes)
1684678355.078672 sending message 105 to peer 0x5597f5dbb450 (78 bytes)
1684678355.078686 sending message 105 to peer 0x5597f5dbb450 (19 bytes)
1684678355.078700 sending message 105 to peer 0x5597f5dbb450 (19 bytes)
1684678355.078715 sending message 105 to peer 0x5597f5dbb450 (47 bytes)
1684678355.078737 sending message 105 to peer 0x5597f5dbb450 (20 bytes)
1684678355.078753 sending message 105 to peer 0x5597f5dbb450 (10 bytes)
1684678355.078768 sending message 105 to peer 0x5597f5dbb450 (11 bytes)
1684678355.078783 sending message 105 to peer 0x5597f5dbb450 (34 bytes)
1684678355.078797 sending message 105 to peer 0x5597f5dbb450 (25 bytes)
1684678355.078811 sending message 105 to peer 0x5597f5dbb450 (25 bytes)
1684678355.078825 sending message 105 to peer 0x5597f5dbb450 (72 bytes)
1684678355.078839 sending message 105 to peer 0x5597f5dbb450 (48 bytes)
1684678355.078853 sending message 105 to peer 0x5597f5dbb450 (22 bytes)
1684678355.078867 sending message 105 to peer 0x5597f5dbb450 (31 bytes)
1684678355.078881 sending message 105 to peer 0x5597f5dbb450 (15 bytes)
1684678355.078894 sending message 105 to peer 0x5597f5dbb450 (52 bytes)
1684678355.078908 sending message 105 to peer 0x5597f5dbb450 (23 bytes)
1684678355.078922 sending message 105 to peer 0x5597f5dbb450 (37 bytes)
1684678355.078936 sending message 105 to peer 0x5597f5dbb450 (17 bytes)
1684678355.078950 sending message 105 to peer 0x5597f5dbb450 (58 bytes)
1684678355.078971 sending message 105 to peer 0x5597f5dbb450 (21 bytes)
1684678355.078986 sending message 105 to peer 0x5597f5dbb450 (11 bytes)
1684678355.079000 sending message 105 to peer 0x5597f5dbb450 (67 bytes)
1684678355.079014 sending message 105 to peer 0x5597f5dbb450 (8 bytes)
1684678355.079029 sending message 105 to peer 0x5597f5dbb450 (18 bytes)
1684678355.079043 sending message 105 to peer 0x5597f5dbb450 (1774 bytes)
1684678355.079096 sending message 105 to peer 0x5597f5dbb450 (24 bytes)
1684678355.079112 sending message 105 to peer 0x5597f5dbb450 (24 bytes)
1684678355.079126 sending message 105 to peer 0x5597f5dbb450 (21 bytes)
1684678355.079140 sending message 105 to peer 0x5597f5dbb450 (25 bytes)
1684678355.079155 sending message 105 to peer 0x5597f5dbb450 (21 bytes)
1684678355.079170 sending message 105 to peer 0x5597f5dbb450 (24 bytes)
1684678355.079186 sending message 105 to peer 0x5597f5dbb450 (21 bytes)
1684678355.079201 sending message 105 to peer 0x5597f5dbb450 (16 bytes)
1684678355.079216 sending message 106 to peer 0x5597f5dbb450 (0 bytes)
1684678355.079446 sending message 200 to peer 0x5597f5dbb450 (4 bytes)
1684678355.079480 client loop enter
1684678355.091150 peer 0x5597f5dbb450 message 207
1684678355.091167 sending message 208 to peer 0x5597f5dbb450 (0 bytes)
1684678365.465010 peer 0x5597f5dbb450 message 203
1684678365.465041 sending message 205 to peer 0x5597f5dbb450 (0 bytes)
1684678365.466110 peer 0x5597f5dbb450 message 204
1684678365.466140 client loop exit
