1684678362.890332 client started (122835): version 3.3a, socket /tmp/tmux-1000/default, protocol 8
1684678362.890390 on Linux 6.1.0-kali9-amd64 #1 SMP PREEMPT_DYNAMIC Debian 6.1.27-1kali1 (2023-05-12)
1684678362.890404 using libevent 2.1.12-stable (poll); ncurses 6.3
1684678362.890459 flags are 0x10010000
1684678362.890471 socket is /tmp/tmux-1000/default
1684678362.890498 trying connect
1684678362.890722 add peer 0x562d21db9700: 6 ((nil))
1684678362.891383 sending message 100 to peer 0x562d21db9700 (4 bytes)
1684678362.891403 sending message 111 to peer 0x562d21db9700 (8 bytes)
1684678362.891416 sending message 101 to peer 0x562d21db9700 (14 bytes)
1684678362.891427 sending message 109 to peer 0x562d21db9700 (4 bytes)
1684678362.891438 sending message 102 to peer 0x562d21db9700 (11 bytes)
1684678362.891449 sending message 108 to peer 0x562d21db9700 (24 bytes)
1684678362.891460 sending message 112 to peer 0x562d21db9700 (70 bytes)
1684678362.891471 sending message 112 to peer 0x562d21db9700 (5 bytes)
1684678362.891483 sending message 112 to peer 0x562d21db9700 (5 bytes)
1684678362.891493 sending message 112 to peer 0x562d21db9700 (6 bytes)
1684678362.891504 sending message 112 to peer 0x562d21db9700 (6 bytes)
1684678362.891515 sending message 112 to peer 0x562d21db9700 (11 bytes)
1684678362.891526 sending message 112 to peer 0x562d21db9700 (10 bytes)
1684678362.891536 sending message 112 to peer 0x562d21db9700 (13 bytes)
1684678362.891547 sending message 112 to peer 0x562d21db9700 (13 bytes)
1684678362.891559 sending message 112 to peer 0x562d21db9700 (18 bytes)
1684678362.891570 sending message 112 to peer 0x562d21db9700 (11 bytes)
1684678362.891581 sending message 112 to peer 0x562d21db9700 (10 bytes)
1684678362.891592 sending message 112 to peer 0x562d21db9700 (15 bytes)
1684678362.891602 sending message 112 to peer 0x562d21db9700 (21 bytes)
1684678362.891613 sending message 112 to peer 0x562d21db9700 (13 bytes)
1684678362.891623 sending message 112 to peer 0x562d21db9700 (7 bytes)
1684678362.891634 sending message 112 to peer 0x562d21db9700 (13 bytes)
1684678362.891645 sending message 112 to peer 0x562d21db9700 (7 bytes)
1684678362.891656 sending message 112 to peer 0x562d21db9700 (13 bytes)
1684678362.891667 sending message 112 to peer 0x562d21db9700 (9 bytes)
1684678362.891677 sending message 112 to peer 0x562d21db9700 (21 bytes)
1684678362.891688 sending message 112 to peer 0x562d21db9700 (13 bytes)
1684678362.891699 sending message 112 to peer 0x562d21db9700 (8 bytes)
1684678362.891710 sending message 112 to peer 0x562d21db9700 (12 bytes)
1684678362.891720 sending message 112 to peer 0x562d21db9700 (13 bytes)
1684678362.891731 sending message 112 to peer 0x562d21db9700 (9 bytes)
1684678362.891742 sending message 112 to peer 0x562d21db9700 (9 bytes)
1684678362.891752 sending message 112 to peer 0x562d21db9700 (12 bytes)
1684678362.891763 sending message 112 to peer 0x562d21db9700 (8 bytes)
1684678362.891774 sending message 112 to peer 0x562d21db9700 (8 bytes)
1684678362.891784 sending message 112 to peer 0x562d21db9700 (7 bytes)
1684678362.891795 sending message 112 to peer 0x562d21db9700 (7 bytes)
1684678362.891806 sending message 112 to peer 0x562d21db9700 (9 bytes)
1684678362.891816 sending message 112 to peer 0x562d21db9700 (13 bytes)
1684678362.891828 sending message 112 to peer 0x562d21db9700 (6 bytes)
1684678362.891839 sending message 112 to peer 0x562d21db9700 (9 bytes)
1684678362.891849 sending message 112 to peer 0x562d21db9700 (15 bytes)
1684678362.891860 sending message 112 to peer 0x562d21db9700 (13 bytes)
1684678362.891871 sending message 112 to peer 0x562d21db9700 (12 bytes)
1684678362.891881 sending message 112 to peer 0x562d21db9700 (8 bytes)
1684678362.891892 sending message 112 to peer 0x562d21db9700 (14 bytes)
1684678362.891903 sending message 112 to peer 0x562d21db9700 (11 bytes)
1684678362.891914 sending message 112 to peer 0x562d21db9700 (9 bytes)
1684678362.891925 sending message 112 to peer 0x562d21db9700 (10 bytes)
1684678362.891935 sending message 112 to peer 0x562d21db9700 (10 bytes)
1684678362.891946 sending message 112 to peer 0x562d21db9700 (10 bytes)
1684678362.891972 sending message 112 to peer 0x562d21db9700 (10 bytes)
1684678362.891983 sending message 112 to peer 0x562d21db9700 (11 bytes)
1684678362.891994 sending message 112 to peer 0x562d21db9700 (12 bytes)
1684678362.892005 sending message 112 to peer 0x562d21db9700 (12 bytes)
1684678362.892015 sending message 112 to peer 0x562d21db9700 (12 bytes)
1684678362.892026 sending message 112 to peer 0x562d21db9700 (12 bytes)
1684678362.892037 sending message 112 to peer 0x562d21db9700 (12 bytes)
1684678362.892047 sending message 112 to peer 0x562d21db9700 (11 bytes)
1684678362.892058 sending message 112 to peer 0x562d21db9700 (11 bytes)
1684678362.892069 sending message 112 to peer 0x562d21db9700 (12 bytes)
1684678362.892079 sending message 112 to peer 0x562d21db9700 (12 bytes)
1684678362.892090 sending message 112 to peer 0x562d21db9700 (12 bytes)
1684678362.892101 sending message 112 to peer 0x562d21db9700 (12 bytes)
1684678362.892141 sending message 112 to peer 0x562d21db9700 (12 bytes)
1684678362.892163 sending message 112 to peer 0x562d21db9700 (10 bytes)
1684678362.892179 sending message 112 to peer 0x562d21db9700 (12 bytes)
1684678362.892191 sending message 112 to peer 0x562d21db9700 (13 bytes)
1684678362.892427 sending message 112 to peer 0x562d21db9700 (13 bytes)
1684678362.892457 sending message 112 to peer 0x562d21db9700 (13 bytes)
1684678362.892471 sending message 112 to peer 0x562d21db9700 (13 bytes)
1684678362.892483 sending message 112 to peer 0x562d21db9700 (13 bytes)
1684678362.892495 sending message 112 to peer 0x562d21db9700 (8 bytes)
1684678362.892507 sending message 112 to peer 0x562d21db9700 (11 bytes)
1684678362.892518 sending message 112 to peer 0x562d21db9700 (11 bytes)
1684678362.892530 sending message 112 to peer 0x562d21db9700 (11 bytes)
1684678362.892542 sending message 112 to peer 0x562d21db9700 (12 bytes)
1684678362.892554 sending message 112 to peer 0x562d21db9700 (12 bytes)
1684678362.892566 sending message 112 to peer 0x562d21db9700 (12 bytes)
1684678362.892614 sending message 112 to peer 0x562d21db9700 (12 bytes)
1684678362.892632 sending message 112 to peer 0x562d21db9700 (13 bytes)
1684678362.892645 sending message 112 to peer 0x562d21db9700 (13 bytes)
1684678362.892658 sending message 112 to peer 0x562d21db9700 (13 bytes)
1684678362.892670 sending message 112 to peer 0x562d21db9700 (8 bytes)
1684678362.892682 sending message 112 to peer 0x562d21db9700 (13 bytes)
1684678362.892694 sending message 112 to peer 0x562d21db9700 (13 bytes)
1684678362.892706 sending message 112 to peer 0x562d21db9700 (13 bytes)
1684678362.892717 sending message 112 to peer 0x562d21db9700 (13 bytes)
1684678362.892729 sending message 112 to peer 0x562d21db9700 (13 bytes)
1684678362.892741 sending message 112 to peer 0x562d21db9700 (12 bytes)
1684678362.892752 sending message 112 to peer 0x562d21db9700 (12 bytes)
1684678362.892764 sending message 112 to peer 0x562d21db9700 (12 bytes)
1684678362.892775 sending message 112 to peer 0x562d21db9700 (12 bytes)
1684678362.892787 sending message 112 to peer 0x562d21db9700 (13 bytes)
1684678362.892798 sending message 112 to peer 0x562d21db9700 (8 bytes)
1684678362.892810 sending message 112 to peer 0x562d21db9700 (13 bytes)
1684678362.892821 sending message 112 to peer 0x562d21db9700 (13 bytes)
1684678362.892832 sending message 112 to peer 0x562d21db9700 (13 bytes)
1684678362.892844 sending message 112 to peer 0x562d21db9700 (13 bytes)
1684678362.892855 sending message 112 to peer 0x562d21db9700 (13 bytes)
1684678362.892867 sending message 112 to peer 0x562d21db9700 (13 bytes)
1684678362.892878 sending message 112 to peer 0x562d21db9700 (13 bytes)
1684678362.892889 sending message 112 to peer 0x562d21db9700 (12 bytes)
1684678362.892901 sending message 112 to peer 0x562d21db9700 (12 bytes)
1684678362.892912 sending message 112 to peer 0x562d21db9700 (12 bytes)
1684678362.892923 sending message 112 to peer 0x562d21db9700 (8 bytes)
1684678362.892935 sending message 112 to peer 0x562d21db9700 (12 bytes)
1684678362.892964 sending message 112 to peer 0x562d21db9700 (13 bytes)
1684678362.892976 sending message 112 to peer 0x562d21db9700 (13 bytes)
1684678362.892987 sending message 112 to peer 0x562d21db9700 (13 bytes)
1684678362.892999 sending message 112 to peer 0x562d21db9700 (13 bytes)
1684678362.893010 sending message 112 to peer 0x562d21db9700 (13 bytes)
1684678362.893021 sending message 112 to peer 0x562d21db9700 (13 bytes)
1684678362.893033 sending message 112 to peer 0x562d21db9700 (13 bytes)
1684678362.893044 sending message 112 to peer 0x562d21db9700 (13 bytes)
1684678362.893055 sending message 112 to peer 0x562d21db9700 (12 bytes)
1684678362.893066 sending message 112 to peer 0x562d21db9700 (10 bytes)
1684678362.893078 sending message 112 to peer 0x562d21db9700 (12 bytes)
1684678362.893089 sending message 112 to peer 0x562d21db9700 (12 bytes)
1684678362.893100 sending message 112 to peer 0x562d21db9700 (12 bytes)
1684678362.893112 sending message 112 to peer 0x562d21db9700 (13 bytes)
1684678362.893123 sending message 112 to peer 0x562d21db9700 (13 bytes)
1684678362.893168 sending message 112 to peer 0x562d21db9700 (13 bytes)
1684678362.893186 sending message 112 to peer 0x562d21db9700 (13 bytes)
1684678362.893199 sending message 112 to peer 0x562d21db9700 (13 bytes)
1684678362.893212 sending message 112 to peer 0x562d21db9700 (13 bytes)
1684678362.893223 sending message 112 to peer 0x562d21db9700 (13 bytes)
1684678362.893235 sending message 112 to peer 0x562d21db9700 (10 bytes)
1684678362.893269 sending message 112 to peer 0x562d21db9700 (13 bytes)
1684678362.893292 sending message 112 to peer 0x562d21db9700 (12 bytes)
1684678362.893309 sending message 112 to peer 0x562d21db9700 (12 bytes)
1684678362.893322 sending message 112 to peer 0x562d21db9700 (12 bytes)
1684678362.893334 sending message 112 to peer 0x562d21db9700 (10 bytes)
1684678362.893347 sending message 112 to peer 0x562d21db9700 (10 bytes)
1684678362.893359 sending message 112 to peer 0x562d21db9700 (10 bytes)
1684678362.893371 sending message 112 to peer 0x562d21db9700 (12 bytes)
1684678362.893383 sending message 112 to peer 0x562d21db9700 (13 bytes)
1684678362.893395 sending message 112 to peer 0x562d21db9700 (13 bytes)
1684678362.893409 sending message 112 to peer 0x562d21db9700 (13 bytes)
1684678362.893423 sending message 112 to peer 0x562d21db9700 (13 bytes)
1684678362.893437 sending message 112 to peer 0x562d21db9700 (13 bytes)
1684678362.893449 sending message 112 to peer 0x562d21db9700 (11 bytes)
1684678362.893461 sending message 112 to peer 0x562d21db9700 (11 bytes)
1684678362.893473 sending message 112 to peer 0x562d21db9700 (12 bytes)
1684678362.893486 sending message 112 to peer 0x562d21db9700 (12 bytes)
1684678362.893499 sending message 112 to peer 0x562d21db9700 (12 bytes)
1684678362.893511 sending message 112 to peer 0x562d21db9700 (12 bytes)
1684678362.893523 sending message 112 to peer 0x562d21db9700 (12 bytes)
1684678362.893535 sending message 112 to peer 0x562d21db9700 (11 bytes)
1684678362.893546 sending message 112 to peer 0x562d21db9700 (12 bytes)
1684678362.893559 sending message 112 to peer 0x562d21db9700 (12 bytes)
1684678362.893571 sending message 112 to peer 0x562d21db9700 (13 bytes)
1684678362.893583 sending message 112 to peer 0x562d21db9700 (13 bytes)
1684678362.893595 sending message 112 to peer 0x562d21db9700 (13 bytes)
1684678362.893607 sending message 112 to peer 0x562d21db9700 (13 bytes)
1684678362.893677 sending message 112 to peer 0x562d21db9700 (13 bytes)
1684678362.893698 sending message 112 to peer 0x562d21db9700 (10 bytes)
1684678362.893712 sending message 112 to peer 0x562d21db9700 (9 bytes)
1684678362.893725 sending message 112 to peer 0x562d21db9700 (12 bytes)
1684678362.893737 sending message 112 to peer 0x562d21db9700 (13 bytes)
1684678362.893749 sending message 112 to peer 0x562d21db9700 (13 bytes)
1684678362.893761 sending message 112 to peer 0x562d21db9700 (13 bytes)
1684678362.893772 sending message 112 to peer 0x562d21db9700 (13 bytes)
1684678362.893784 sending message 112 to peer 0x562d21db9700 (13 bytes)
1684678362.893812 sending message 112 to peer 0x562d21db9700 (9 bytes)
1684678362.893824 sending message 112 to peer 0x562d21db9700 (12 bytes)
1684678362.893836 sending message 112 to peer 0x562d21db9700 (13 bytes)
1684678362.893847 sending message 112 to peer 0x562d21db9700 (13 bytes)
1684678362.893859 sending message 112 to peer 0x562d21db9700 (13 bytes)
1684678362.893871 sending message 112 to peer 0x562d21db9700 (13 bytes)
1684678362.893882 sending message 112 to peer 0x562d21db9700 (13 bytes)
1684678362.893894 sending message 112 to peer 0x562d21db9700 (11 bytes)
1684678362.893905 sending message 112 to peer 0x562d21db9700 (12 bytes)
1684678362.893917 sending message 112 to peer 0x562d21db9700 (13 bytes)
1684678362.893928 sending message 112 to peer 0x562d21db9700 (13 bytes)
1684678362.893940 sending message 112 to peer 0x562d21db9700 (13 bytes)
1684678362.893952 sending message 112 to peer 0x562d21db9700 (13 bytes)
1684678362.893964 sending message 112 to peer 0x562d21db9700 (13 bytes)
1684678362.893975 sending message 112 to peer 0x562d21db9700 (11 bytes)
1684678362.893987 sending message 112 to peer 0x562d21db9700 (12 bytes)
1684678362.893998 sending message 112 to peer 0x562d21db9700 (12 bytes)
1684678362.894011 sending message 112 to peer 0x562d21db9700 (12 bytes)
1684678362.894023 sending message 112 to peer 0x562d21db9700 (12 bytes)
1684678362.894034 sending message 112 to peer 0x562d21db9700 (12 bytes)
1684678362.894056 sending message 112 to peer 0x562d21db9700 (21 bytes)
1684678362.894069 sending message 112 to peer 0x562d21db9700 (12 bytes)
1684678362.894080 sending message 112 to peer 0x562d21db9700 (9 bytes)
1684678362.894091 sending message 112 to peer 0x562d21db9700 (6 bytes)
1684678362.894103 sending message 112 to peer 0x562d21db9700 (13 bytes)
1684678362.894114 sending message 112 to peer 0x562d21db9700 (8 bytes)
1684678362.894126 sending message 112 to peer 0x562d21db9700 (15 bytes)
1684678362.894137 sending message 112 to peer 0x562d21db9700 (13 bytes)
1684678362.894148 sending message 112 to peer 0x562d21db9700 (9 bytes)
1684678362.894160 sending message 112 to peer 0x562d21db9700 (70 bytes)
1684678362.894171 sending message 112 to peer 0x562d21db9700 (69 bytes)
1684678362.894183 sending message 112 to peer 0x562d21db9700 (10 bytes)
1684678362.894194 sending message 112 to peer 0x562d21db9700 (10 bytes)
1684678362.894205 sending message 112 to peer 0x562d21db9700 (8 bytes)
1684678362.894217 sending message 112 to peer 0x562d21db9700 (15 bytes)
1684678362.894228 sending message 112 to peer 0x562d21db9700 (13 bytes)
1684678362.894246 sending message 112 to peer 0x562d21db9700 (10 bytes)
1684678362.894258 sending message 112 to peer 0x562d21db9700 (10 bytes)
1684678362.894270 sending message 112 to peer 0x562d21db9700 (17 bytes)
1684678362.894281 sending message 112 to peer 0x562d21db9700 (10 bytes)
1684678362.894293 sending message 112 to peer 0x562d21db9700 (13 bytes)
1684678362.894304 sending message 112 to peer 0x562d21db9700 (9 bytes)
1684678362.894316 sending message 112 to peer 0x562d21db9700 (5 bytes)
1684678362.894327 sending message 112 to peer 0x562d21db9700 (15 bytes)
1684678362.894342 sending message 104 to peer 0x562d21db9700 (0 bytes)
1684678362.894357 sending message 110 to peer 0x562d21db9700 (0 bytes)
1684678362.894372 sending message 107 to peer 0x562d21db9700 (4 bytes)
1684678362.894384 sending message 105 to peer 0x562d21db9700 (15 bytes)
1684678362.894396 sending message 105 to peer 0x562d21db9700 (20 bytes)
1684678362.894407 sending message 105 to peer 0x562d21db9700 (35 bytes)
1684678362.894419 sending message 105 to peer 0x562d21db9700 (54 bytes)
1684678362.894430 sending message 105 to peer 0x562d21db9700 (33 bytes)
1684678362.894447 sending message 105 to peer 0x562d21db9700 (13 bytes)
1684678362.894460 sending message 105 to peer 0x562d21db9700 (30 bytes)
1684678362.894472 sending message 105 to peer 0x562d21db9700 (28 bytes)
1684678362.894483 sending message 105 to peer 0x562d21db9700 (28 bytes)
1684678362.894495 sending message 105 to peer 0x562d21db9700 (16 bytes)
1684678362.894518 sending message 105 to peer 0x562d21db9700 (17 bytes)
1684678362.894530 sending message 105 to peer 0x562d21db9700 (10 bytes)
1684678362.894542 sending message 105 to peer 0x562d21db9700 (24 bytes)
1684678362.894554 sending message 105 to peer 0x562d21db9700 (24 bytes)
1684678362.894565 sending message 105 to peer 0x562d21db9700 (21 bytes)
1684678362.894577 sending message 105 to peer 0x562d21db9700 (21 bytes)
1684678362.894588 sending message 105 to peer 0x562d21db9700 (25 bytes)
1684678362.894600 sending message 105 to peer 0x562d21db9700 (21 bytes)
1684678362.894611 sending message 105 to peer 0x562d21db9700 (24 bytes)
1684678362.894623 sending message 105 to peer 0x562d21db9700 (13 bytes)
1684678362.894635 sending message 105 to peer 0x562d21db9700 (1774 bytes)
1684678362.894674 sending message 105 to peer 0x562d21db9700 (31 bytes)
1684678362.894688 sending message 105 to peer 0x562d21db9700 (119 bytes)
1684678362.894700 sending message 105 to peer 0x562d21db9700 (30 bytes)
1684678362.894711 sending message 105 to peer 0x562d21db9700 (27 bytes)
1684678362.894723 sending message 105 to peer 0x562d21db9700 (28 bytes)
1684678362.894734 sending message 105 to peer 0x562d21db9700 (19 bytes)
1684678362.894746 sending message 105 to peer 0x562d21db9700 (30 bytes)
1684678362.894757 sending message 105 to peer 0x562d21db9700 (27 bytes)
1684678362.894769 sending message 105 to peer 0x562d21db9700 (78 bytes)
1684678362.894780 sending message 105 to peer 0x562d21db9700 (19 bytes)
1684678362.894792 sending message 105 to peer 0x562d21db9700 (8 bytes)
1684678362.894804 sending message 105 to peer 0x562d21db9700 (19 bytes)
1684678362.894815 sending message 105 to peer 0x562d21db9700 (47 bytes)
1684678362.894826 sending message 105 to peer 0x562d21db9700 (19 bytes)
1684678362.894838 sending message 105 to peer 0x562d21db9700 (18 bytes)
1684678362.894849 sending message 105 to peer 0x562d21db9700 (26 bytes)
1684678362.894860 sending message 105 to peer 0x562d21db9700 (37 bytes)
1684678362.894872 sending message 105 to peer 0x562d21db9700 (13 bytes)
1684678362.894883 sending message 105 to peer 0x562d21db9700 (10 bytes)
1684678362.894895 sending message 105 to peer 0x562d21db9700 (11 bytes)
1684678362.894906 sending message 105 to peer 0x562d21db9700 (34 bytes)
1684678362.894917 sending message 105 to peer 0x562d21db9700 (25 bytes)
1684678362.894929 sending message 105 to peer 0x562d21db9700 (25 bytes)
1684678362.894940 sending message 105 to peer 0x562d21db9700 (72 bytes)
1684678362.894952 sending message 105 to peer 0x562d21db9700 (48 bytes)
1684678362.894963 sending message 105 to peer 0x562d21db9700 (22 bytes)
1684678362.894975 sending message 105 to peer 0x562d21db9700 (31 bytes)
1684678362.894987 sending message 105 to peer 0x562d21db9700 (15 bytes)
1684678362.894998 sending message 105 to peer 0x562d21db9700 (52 bytes)
1684678362.895010 sending message 105 to peer 0x562d21db9700 (23 bytes)
1684678362.895021 sending message 105 to peer 0x562d21db9700 (37 bytes)
1684678362.895033 sending message 105 to peer 0x562d21db9700 (17 bytes)
1684678362.895045 sending message 105 to peer 0x562d21db9700 (58 bytes)
1684678362.895056 sending message 105 to peer 0x562d21db9700 (21 bytes)
1684678362.895068 sending message 105 to peer 0x562d21db9700 (11 bytes)
1684678362.895080 sending message 105 to peer 0x562d21db9700 (16 bytes)
1684678362.895092 sending message 105 to peer 0x562d21db9700 (67 bytes)
1684678362.895104 sending message 106 to peer 0x562d21db9700 (0 bytes)
1684678362.895738 sending message 200 to peer 0x562d21db9700 (4 bytes)
1684678362.895765 client loop enter
1684678362.896783 peer 0x562d21db9700 message 303
1684678362.896809 open write file 2 -
1684678362.896834 sending message 305 to peer 0x562d21db9700 (8 bytes)
1684678362.896932 write check file 2
1684678362.897740 peer 0x562d21db9700 message 304
1684678362.897769 write 58 to file 2
1684678362.897785 peer 0x562d21db9700 message 203
1684678362.897797 file 2 58 bytes left
1684678362.898210 write check file 2
1684678362.898235 client loop exit
